11:35:28 DEBUG : Logs will be stored at 'E:/USN_Education/VitisCode/InsertionSort/vitis/IDE.log'.
11:35:33 INFO  : Launching XSCT server: xsct.bat -n  -interactive E:\USN_Education\VitisCode\InsertionSort\vitis\temp_xsdb_launch_script.tcl
11:35:33 INFO  : Registering command handlers for Vitis TCF services
11:35:37 INFO  : Platform repository initialization has completed.
11:35:44 INFO  : XSCT server has started successfully.
11:35:56 INFO  : plnx-install-location is set to ''
11:35:56 INFO  : Successfully done setting XSCT server connection channel  
11:35:56 INFO  : Successfully done query RDI_DATADIR 
11:35:56 INFO  : Successfully done setting workspace for the tool. 
11:42:03 INFO  : Result from executing command 'getProjects': InsertionSort_Platfrom
11:42:03 INFO  : Result from executing command 'getPlatforms': xilinx_vck190_base_202220_1|D:/Software/Embeded/xilinx/Vitis/2022.2/base_platforms/xilinx_vck190_base_202220_1/xilinx_vck190_base_202220_1.xpfm;xilinx_vck190_base_dfx_202220_1|D:/Software/Embeded/xilinx/Vitis/2022.2/base_platforms/xilinx_vck190_base_dfx_202220_1/xilinx_vck190_base_dfx_202220_1.xpfm;xilinx_vmk180_base_202220_1|D:/Software/Embeded/xilinx/Vitis/2022.2/base_platforms/xilinx_vmk180_base_202220_1/xilinx_vmk180_base_202220_1.xpfm;xilinx_zcu102_base_202220_1|D:/Software/Embeded/xilinx/Vitis/2022.2/base_platforms/xilinx_zcu102_base_202220_1/xilinx_zcu102_base_202220_1.xpfm;xilinx_zcu102_base_dfx_202220_1|D:/Software/Embeded/xilinx/Vitis/2022.2/base_platforms/xilinx_zcu102_base_dfx_202220_1/xilinx_zcu102_base_dfx_202220_1.xpfm;xilinx_zcu104_base_202220_1|D:/Software/Embeded/xilinx/Vitis/2022.2/base_platforms/xilinx_zcu104_base_202220_1/xilinx_zcu104_base_202220_1.xpfm
11:43:33 INFO  : Result from executing command 'getProjects': InsertionSort_Platfrom
11:43:33 INFO  : Result from executing command 'getPlatforms': InsertionSort_Platfrom|E:/USN_Education/VitisCode/InsertionSort/vitis/InsertionSort_Platfrom/export/InsertionSort_Platfrom/InsertionSort_Platfrom.xpfm;xilinx_vck190_base_202220_1|D:/Software/Embeded/xilinx/Vitis/2022.2/base_platforms/xilinx_vck190_base_202220_1/xilinx_vck190_base_202220_1.xpfm;xilinx_vck190_base_dfx_202220_1|D:/Software/Embeded/xilinx/Vitis/2022.2/base_platforms/xilinx_vck190_base_dfx_202220_1/xilinx_vck190_base_dfx_202220_1.xpfm;xilinx_vmk180_base_202220_1|D:/Software/Embeded/xilinx/Vitis/2022.2/base_platforms/xilinx_vmk180_base_202220_1/xilinx_vmk180_base_202220_1.xpfm;xilinx_zcu102_base_202220_1|D:/Software/Embeded/xilinx/Vitis/2022.2/base_platforms/xilinx_zcu102_base_202220_1/xilinx_zcu102_base_202220_1.xpfm;xilinx_zcu102_base_dfx_202220_1|D:/Software/Embeded/xilinx/Vitis/2022.2/base_platforms/xilinx_zcu102_base_dfx_202220_1/xilinx_zcu102_base_dfx_202220_1.xpfm;xilinx_zcu104_base_202220_1|D:/Software/Embeded/xilinx/Vitis/2022.2/base_platforms/xilinx_zcu104_base_202220_1/xilinx_zcu104_base_202220_1.xpfm
11:52:04 INFO  : Checking for BSP changes to sync application flags for project 'InsertionSortApplication'...
11:53:11 INFO  : Checking for BSP changes to sync application flags for project 'InsertionSortApplication'...
11:59:38 INFO  : Checking for BSP changes to sync application flags for project 'InsertionSortApplication'...
12:00:01 INFO  : Checking for BSP changes to sync application flags for project 'InsertionSortApplication'...
12:00:20 INFO  : Checking for BSP changes to sync application flags for project 'InsertionSortApplication'...
16:49:35 DEBUG : Logs will be stored at 'E:/USN_Education/VitisCode/InsertionSort/vitis/IDE.log'.
16:49:37 INFO  : Launching XSCT server: xsct.bat -n  -interactive E:\USN_Education\VitisCode\InsertionSort\vitis\temp_xsdb_launch_script.tcl
16:49:47 INFO  : Registering command handlers for Vitis TCF services
16:49:52 INFO  : XSCT server has started successfully.
16:49:52 INFO  : plnx-install-location is set to ''
16:49:52 INFO  : Successfully done setting XSCT server connection channel  
16:49:52 INFO  : Platform repository initialization has completed.
16:50:04 INFO  : Successfully done setting workspace for the tool. 
16:50:04 INFO  : Successfully done query RDI_DATADIR 
16:59:00 INFO  : Result from executing command 'getProjects': InsertionSort_Platfrom
16:59:00 INFO  : Result from executing command 'getPlatforms': InsertionSort_Platfrom|E:/USN_Education/VitisCode/InsertionSort/vitis/InsertionSort_Platfrom/export/InsertionSort_Platfrom/InsertionSort_Platfrom.xpfm;xilinx_vck190_base_202220_1|D:/Software/Embeded/xilinx/Vitis/2022.2/base_platforms/xilinx_vck190_base_202220_1/xilinx_vck190_base_202220_1.xpfm;xilinx_vck190_base_dfx_202220_1|D:/Software/Embeded/xilinx/Vitis/2022.2/base_platforms/xilinx_vck190_base_dfx_202220_1/xilinx_vck190_base_dfx_202220_1.xpfm;xilinx_vmk180_base_202220_1|D:/Software/Embeded/xilinx/Vitis/2022.2/base_platforms/xilinx_vmk180_base_202220_1/xilinx_vmk180_base_202220_1.xpfm;xilinx_zcu102_base_202220_1|D:/Software/Embeded/xilinx/Vitis/2022.2/base_platforms/xilinx_zcu102_base_202220_1/xilinx_zcu102_base_202220_1.xpfm;xilinx_zcu102_base_dfx_202220_1|D:/Software/Embeded/xilinx/Vitis/2022.2/base_platforms/xilinx_zcu102_base_dfx_202220_1/xilinx_zcu102_base_dfx_202220_1.xpfm;xilinx_zcu104_base_202220_1|D:/Software/Embeded/xilinx/Vitis/2022.2/base_platforms/xilinx_zcu104_base_202220_1/xilinx_zcu104_base_202220_1.xpfm
16:59:02 INFO  : Checking for BSP changes to sync application flags for project 'InsertionSortApplication'...
19:59:20 DEBUG : Logs will be stored at 'E:/USN_Education/VitisCode/InsertionSort/vitis/IDE.log'.
19:59:21 INFO  : Launching XSCT server: xsct.bat -n  -interactive E:\USN_Education\VitisCode\InsertionSort\vitis\temp_xsdb_launch_script.tcl
19:59:22 INFO  : Registering command handlers for Vitis TCF services
19:59:23 INFO  : XSCT server has started successfully.
19:59:23 INFO  : plnx-install-location is set to ''
19:59:23 INFO  : Successfully done setting XSCT server connection channel  
19:59:23 INFO  : Successfully done query RDI_DATADIR 
19:59:23 INFO  : Successfully done setting workspace for the tool. 
19:59:23 INFO  : Platform repository initialization has completed.
20:02:59 INFO  : Checking for BSP changes to sync application flags for project 'InsertionSortApplication'...
20:02:59 INFO  : Result from executing command 'getProjects': InsertionSortApplication;InsertionSortApplication_system;InsertionSort_Platfrom;RemoteSystemsTempFiles
20:02:59 ERROR : Failed to openhw "E:/USN_Education/VitisCode/InsertionSort/vitis/InsertionSort_Platfrom/export/InsertionSort_Platfrom/hw/insertion_sort_wrapper.xsa"
Reason: E:/USN_Education/VitisCode/InsertionSort/vitis/InsertionSort_Platfrom/export/InsertionSort_Platfrom/hw/insertion_sort_wrapper.xsa is not available in the current workspace
use 'getprojects' command to see list of available projects in current workspace
20:02:59 ERROR : Failed to update application flags from BSP for 'InsertionSortApplication'. Reason: null
java.lang.NullPointerException: null
	at com.xilinx.sdx.sw.internal.SDxSwPlatform.<init>(SDxSwPlatform.java:305) ~[com.xilinx.sdx.sw_1.0.0.202210132147.jar:?]
	at com.xilinx.sdx.sw.internal.SDxSwPlatform.create(SDxSwPlatform.java:214) ~[com.xilinx.sdx.sw_1.0.0.202210132147.jar:?]
	at com.xilinx.sdx.sdk.core.util.SdkPlatformHelper.getSwPlatform(SdkPlatformHelper.java:64) ~[com.xilinx.sdx.sdk.core_1.0.0.202210132147.jar:?]
	at com.xilinx.sdx.sdk.core.build.SdkMakefileGenerationListener.getSwPlatform(SdkMakefileGenerationListener.java:160) ~[com.xilinx.sdx.sdk.core_1.0.0.202210132147.jar:?]
	at com.xilinx.sdx.sdk.core.build.SdkMakefileGenerationListener.syncAppFlags(SdkMakefileGenerationListener.java:78) [com.xilinx.sdx.sdk.core_1.0.0.202210132147.jar:?]
	at com.xilinx.sdx.sdk.core.build.SdkMakefileGenerationListener.preMakefileGeneration(SdkMakefileGenerationListener.java:48) [com.xilinx.sdx.sdk.core_1.0.0.202210132147.jar:?]
	at com.xilinx.sdk.managedbuilder.XilinxGnuMakefileGenerator.notifyPreMakefileGenerationListeners(XilinxGnuMakefileGenerator.java:91) [com.xilinx.sdk.managedbuilder_1.0.0.202210132147.jar:?]
	at com.xilinx.sdk.managedbuilder.XilinxGnuMakefileGenerator.generateMakefiles(XilinxGnuMakefileGenerator.java:40) [com.xilinx.sdk.managedbuilder_1.0.0.202210132147.jar:?]
	at org.eclipse.cdt.managedbuilder.internal.core.CommonBuilder.performMakefileGeneration(CommonBuilder.java:1008) [org.eclipse.cdt.managedbuilder.core_8.6.0.201802261533.jar:?]
	at org.eclipse.cdt.managedbuilder.internal.core.CommonBuilder.performPrebuildGeneration(CommonBuilder.java:873) [org.eclipse.cdt.managedbuilder.core_8.6.0.201802261533.jar:?]
	at org.eclipse.cdt.managedbuilder.internal.core.CommonBuilder.build(CommonBuilder.java:748) [org.eclipse.cdt.managedbuilder.core_8.6.0.201802261533.jar:?]
	at org.eclipse.cdt.managedbuilder.internal.core.CommonBuilder.build(CommonBuilder.java:510) [org.eclipse.cdt.managedbuilder.core_8.6.0.201802261533.jar:?]
	at org.eclipse.cdt.managedbuilder.internal.core.CommonBuilder.build(CommonBuilder.java:459) [org.eclipse.cdt.managedbuilder.core_8.6.0.201802261533.jar:?]
	at org.eclipse.core.internal.events.BuildManager$2.run(BuildManager.java:832) [org.eclipse.core.resources_3.13.700.v20200209-1624.jar:?]
	at org.eclipse.core.runtime.SafeRunner.run(SafeRunner.java:45) [org.eclipse.equinox.common_3.11.0.v20200206-0817.jar:?]
	at org.eclipse.core.internal.events.BuildManager.basicBuild(BuildManager.java:220) [org.eclipse.core.resources_3.13.700.v20200209-1624.jar:?]
	at org.eclipse.core.internal.events.BuildManager.basicBuild(BuildManager.java:263) [org.eclipse.core.resources_3.13.700.v20200209-1624.jar:?]
	at org.eclipse.core.internal.events.BuildManager$1.run(BuildManager.java:316) [org.eclipse.core.resources_3.13.700.v20200209-1624.jar:?]
	at org.eclipse.core.runtime.SafeRunner.run(SafeRunner.java:45) [org.eclipse.equinox.common_3.11.0.v20200206-0817.jar:?]
	at org.eclipse.core.internal.events.BuildManager.basicBuild(BuildManager.java:319) [org.eclipse.core.resources_3.13.700.v20200209-1624.jar:?]
	at org.eclipse.core.internal.events.BuildManager.basicBuildLoop(BuildManager.java:371) [org.eclipse.core.resources_3.13.700.v20200209-1624.jar:?]
	at org.eclipse.core.internal.events.BuildManager.build(BuildManager.java:392) [org.eclipse.core.resources_3.13.700.v20200209-1624.jar:?]
	at org.eclipse.core.internal.resources.Workspace.buildInternal(Workspace.java:515) [org.eclipse.core.resources_3.13.700.v20200209-1624.jar:?]
	at org.eclipse.core.internal.resources.Workspace.build(Workspace.java:412) [org.eclipse.core.resources_3.13.700.v20200209-1624.jar:?]
	at org.eclipse.ui.actions.BuildAction$1.runInWorkspace(BuildAction.java:291) [org.eclipse.ui.ide_3.17.0.v20200217-1511.jar:?]
	at org.eclipse.core.internal.resources.InternalWorkspaceJob.run(InternalWorkspaceJob.java:42) [org.eclipse.core.resources_3.13.700.v20200209-1624.jar:?]
	at org.eclipse.core.internal.jobs.Worker.run(Worker.java:63) [org.eclipse.core.jobs_3.10.700.v20200106-1020.jar:?]
20:04:12 INFO  : Checking for BSP changes to sync application flags for project 'InsertionSortApplication'...
20:04:12 INFO  : Result from executing command 'getProjects': InsertionSortApplication;InsertionSortApplication_system;InsertionSort_Platfrom;RemoteSystemsTempFiles
20:04:12 ERROR : Failed to openhw "E:/USN_Education/VitisCode/InsertionSort/vitis/InsertionSort_Platfrom/export/InsertionSort_Platfrom/hw/insertion_sort_wrapper.xsa"
Reason: E:/USN_Education/VitisCode/InsertionSort/vitis/InsertionSort_Platfrom/export/InsertionSort_Platfrom/hw/insertion_sort_wrapper.xsa is not available in the current workspace
use 'getprojects' command to see list of available projects in current workspace
20:04:12 ERROR : Failed to update application flags from BSP for 'InsertionSortApplication'. Reason: null
java.lang.NullPointerException: null
	at com.xilinx.sdx.sw.internal.SDxSwPlatform.<init>(SDxSwPlatform.java:305) ~[com.xilinx.sdx.sw_1.0.0.202210132147.jar:?]
	at com.xilinx.sdx.sw.internal.SDxSwPlatform.create(SDxSwPlatform.java:214) ~[com.xilinx.sdx.sw_1.0.0.202210132147.jar:?]
	at com.xilinx.sdx.sdk.core.util.SdkPlatformHelper.getSwPlatform(SdkPlatformHelper.java:64) ~[com.xilinx.sdx.sdk.core_1.0.0.202210132147.jar:?]
	at com.xilinx.sdx.sdk.core.build.SdkMakefileGenerationListener.getSwPlatform(SdkMakefileGenerationListener.java:160) ~[com.xilinx.sdx.sdk.core_1.0.0.202210132147.jar:?]
	at com.xilinx.sdx.sdk.core.build.SdkMakefileGenerationListener.syncAppFlags(SdkMakefileGenerationListener.java:78) [com.xilinx.sdx.sdk.core_1.0.0.202210132147.jar:?]
	at com.xilinx.sdx.sdk.core.build.SdkMakefileGenerationListener.preMakefileGeneration(SdkMakefileGenerationListener.java:48) [com.xilinx.sdx.sdk.core_1.0.0.202210132147.jar:?]
	at com.xilinx.sdk.managedbuilder.XilinxGnuMakefileGenerator.notifyPreMakefileGenerationListeners(XilinxGnuMakefileGenerator.java:91) [com.xilinx.sdk.managedbuilder_1.0.0.202210132147.jar:?]
	at com.xilinx.sdk.managedbuilder.XilinxGnuMakefileGenerator.generateMakefiles(XilinxGnuMakefileGenerator.java:40) [com.xilinx.sdk.managedbuilder_1.0.0.202210132147.jar:?]
	at org.eclipse.cdt.managedbuilder.internal.core.CommonBuilder.performMakefileGeneration(CommonBuilder.java:1008) [org.eclipse.cdt.managedbuilder.core_8.6.0.201802261533.jar:?]
	at org.eclipse.cdt.managedbuilder.internal.core.CommonBuilder.performPrebuildGeneration(CommonBuilder.java:873) [org.eclipse.cdt.managedbuilder.core_8.6.0.201802261533.jar:?]
	at org.eclipse.cdt.managedbuilder.internal.core.CommonBuilder.build(CommonBuilder.java:748) [org.eclipse.cdt.managedbuilder.core_8.6.0.201802261533.jar:?]
	at org.eclipse.cdt.managedbuilder.internal.core.CommonBuilder.build(CommonBuilder.java:510) [org.eclipse.cdt.managedbuilder.core_8.6.0.201802261533.jar:?]
	at org.eclipse.cdt.managedbuilder.internal.core.CommonBuilder.build(CommonBuilder.java:459) [org.eclipse.cdt.managedbuilder.core_8.6.0.201802261533.jar:?]
	at org.eclipse.core.internal.events.BuildManager$2.run(BuildManager.java:832) [org.eclipse.core.resources_3.13.700.v20200209-1624.jar:?]
	at org.eclipse.core.runtime.SafeRunner.run(SafeRunner.java:45) [org.eclipse.equinox.common_3.11.0.v20200206-0817.jar:?]
	at org.eclipse.core.internal.events.BuildManager.basicBuild(BuildManager.java:220) [org.eclipse.core.resources_3.13.700.v20200209-1624.jar:?]
	at org.eclipse.core.internal.events.BuildManager.basicBuild(BuildManager.java:263) [org.eclipse.core.resources_3.13.700.v20200209-1624.jar:?]
	at org.eclipse.core.internal.events.BuildManager$1.run(BuildManager.java:316) [org.eclipse.core.resources_3.13.700.v20200209-1624.jar:?]
	at org.eclipse.core.runtime.SafeRunner.run(SafeRunner.java:45) [org.eclipse.equinox.common_3.11.0.v20200206-0817.jar:?]
	at org.eclipse.core.internal.events.BuildManager.basicBuild(BuildManager.java:319) [org.eclipse.core.resources_3.13.700.v20200209-1624.jar:?]
	at org.eclipse.core.internal.events.BuildManager.basicBuildLoop(BuildManager.java:371) [org.eclipse.core.resources_3.13.700.v20200209-1624.jar:?]
	at org.eclipse.core.internal.events.BuildManager.build(BuildManager.java:392) [org.eclipse.core.resources_3.13.700.v20200209-1624.jar:?]
	at org.eclipse.core.internal.resources.Workspace.buildInternal(Workspace.java:515) [org.eclipse.core.resources_3.13.700.v20200209-1624.jar:?]
	at org.eclipse.core.internal.resources.Workspace.build(Workspace.java:412) [org.eclipse.core.resources_3.13.700.v20200209-1624.jar:?]
	at org.eclipse.ui.actions.BuildAction$1.runInWorkspace(BuildAction.java:291) [org.eclipse.ui.ide_3.17.0.v20200217-1511.jar:?]
	at org.eclipse.core.internal.resources.InternalWorkspaceJob.run(InternalWorkspaceJob.java:42) [org.eclipse.core.resources_3.13.700.v20200209-1624.jar:?]
	at org.eclipse.core.internal.jobs.Worker.run(Worker.java:63) [org.eclipse.core.jobs_3.10.700.v20200106-1020.jar:?]
20:04:12 ERROR : Failed to compute checksum of hardware specification file used by project 'InsertionSortApplication'
20:04:12 INFO  : Result from executing command 'getProjects': InsertionSortApplication;InsertionSortApplication_system;InsertionSort_Platfrom;RemoteSystemsTempFiles
20:04:12 ERROR : Failed to openhw "E:/USN_Education/VitisCode/InsertionSort/vitis/InsertionSort_Platfrom/export/InsertionSort_Platfrom/hw/insertion_sort_wrapper.xsa"
Reason: E:/USN_Education/VitisCode/InsertionSort/vitis/InsertionSort_Platfrom/export/InsertionSort_Platfrom/hw/insertion_sort_wrapper.xsa is not available in the current workspace
use 'getprojects' command to see list of available projects in current workspace
20:04:12 INFO  : Result from executing command 'getProjects': InsertionSortApplication;InsertionSortApplication_system;InsertionSort_Platfrom;RemoteSystemsTempFiles
20:04:12 ERROR : Failed to openhw "E:/USN_Education/VitisCode/InsertionSort/vitis/InsertionSort_Platfrom/export/InsertionSort_Platfrom/hw/insertion_sort_wrapper.xsa"
Reason: E:/USN_Education/VitisCode/InsertionSort/vitis/InsertionSort_Platfrom/export/InsertionSort_Platfrom/hw/insertion_sort_wrapper.xsa is not available in the current workspace
use 'getprojects' command to see list of available projects in current workspace
20:04:12 INFO  : Result from executing command 'getProjects': InsertionSortApplication;InsertionSortApplication_system;InsertionSort_Platfrom;RemoteSystemsTempFiles
20:04:12 ERROR : Failed to openhw "E:/USN_Education/VitisCode/InsertionSort/vitis/InsertionSort_Platfrom/export/InsertionSort_Platfrom/hw/insertion_sort_wrapper.xsa"
Reason: E:/USN_Education/VitisCode/InsertionSort/vitis/InsertionSort_Platfrom/export/InsertionSort_Platfrom/hw/insertion_sort_wrapper.xsa is not available in the current workspace
use 'getprojects' command to see list of available projects in current workspace
20:04:34 INFO  : Checking for BSP changes to sync application flags for project 'InsertionSortApplication'...
20:04:34 INFO  : Result from executing command 'getProjects': InsertionSortApplication;InsertionSortApplication_system;InsertionSort_Platfrom;RemoteSystemsTempFiles
20:04:34 ERROR : Failed to openhw "E:/USN_Education/VitisCode/InsertionSort/vitis/InsertionSort_Platfrom/export/InsertionSort_Platfrom/hw/insertion_sort_wrapper.xsa"
Reason: E:/USN_Education/VitisCode/InsertionSort/vitis/InsertionSort_Platfrom/export/InsertionSort_Platfrom/hw/insertion_sort_wrapper.xsa is not available in the current workspace
use 'getprojects' command to see list of available projects in current workspace
20:04:34 ERROR : Failed to update application flags from BSP for 'InsertionSortApplication'. Reason: null
java.lang.NullPointerException: null
	at com.xilinx.sdx.sw.internal.SDxSwPlatform.<init>(SDxSwPlatform.java:305) ~[com.xilinx.sdx.sw_1.0.0.202210132147.jar:?]
	at com.xilinx.sdx.sw.internal.SDxSwPlatform.create(SDxSwPlatform.java:214) ~[com.xilinx.sdx.sw_1.0.0.202210132147.jar:?]
	at com.xilinx.sdx.sdk.core.util.SdkPlatformHelper.getSwPlatform(SdkPlatformHelper.java:64) ~[com.xilinx.sdx.sdk.core_1.0.0.202210132147.jar:?]
	at com.xilinx.sdx.sdk.core.build.SdkMakefileGenerationListener.getSwPlatform(SdkMakefileGenerationListener.java:160) ~[com.xilinx.sdx.sdk.core_1.0.0.202210132147.jar:?]
	at com.xilinx.sdx.sdk.core.build.SdkMakefileGenerationListener.syncAppFlags(SdkMakefileGenerationListener.java:78) [com.xilinx.sdx.sdk.core_1.0.0.202210132147.jar:?]
	at com.xilinx.sdx.sdk.core.build.SdkMakefileGenerationListener.preMakefileGeneration(SdkMakefileGenerationListener.java:48) [com.xilinx.sdx.sdk.core_1.0.0.202210132147.jar:?]
	at com.xilinx.sdk.managedbuilder.XilinxGnuMakefileGenerator.notifyPreMakefileGenerationListeners(XilinxGnuMakefileGenerator.java:91) [com.xilinx.sdk.managedbuilder_1.0.0.202210132147.jar:?]
	at com.xilinx.sdk.managedbuilder.XilinxGnuMakefileGenerator.generateMakefiles(XilinxGnuMakefileGenerator.java:40) [com.xilinx.sdk.managedbuilder_1.0.0.202210132147.jar:?]
	at org.eclipse.cdt.managedbuilder.internal.core.CommonBuilder.performMakefileGeneration(CommonBuilder.java:1008) [org.eclipse.cdt.managedbuilder.core_8.6.0.201802261533.jar:?]
	at org.eclipse.cdt.managedbuilder.internal.core.CommonBuilder.performPrebuildGeneration(CommonBuilder.java:873) [org.eclipse.cdt.managedbuilder.core_8.6.0.201802261533.jar:?]
	at org.eclipse.cdt.managedbuilder.internal.core.CommonBuilder.build(CommonBuilder.java:748) [org.eclipse.cdt.managedbuilder.core_8.6.0.201802261533.jar:?]
	at org.eclipse.cdt.managedbuilder.internal.core.CommonBuilder.build(CommonBuilder.java:510) [org.eclipse.cdt.managedbuilder.core_8.6.0.201802261533.jar:?]
	at org.eclipse.cdt.managedbuilder.internal.core.CommonBuilder.build(CommonBuilder.java:459) [org.eclipse.cdt.managedbuilder.core_8.6.0.201802261533.jar:?]
	at org.eclipse.core.internal.events.BuildManager$2.run(BuildManager.java:832) [org.eclipse.core.resources_3.13.700.v20200209-1624.jar:?]
	at org.eclipse.core.runtime.SafeRunner.run(SafeRunner.java:45) [org.eclipse.equinox.common_3.11.0.v20200206-0817.jar:?]
	at org.eclipse.core.internal.events.BuildManager.basicBuild(BuildManager.java:220) [org.eclipse.core.resources_3.13.700.v20200209-1624.jar:?]
	at org.eclipse.core.internal.events.BuildManager.basicBuild(BuildManager.java:263) [org.eclipse.core.resources_3.13.700.v20200209-1624.jar:?]
	at org.eclipse.core.internal.events.BuildManager$1.run(BuildManager.java:316) [org.eclipse.core.resources_3.13.700.v20200209-1624.jar:?]
	at org.eclipse.core.runtime.SafeRunner.run(SafeRunner.java:45) [org.eclipse.equinox.common_3.11.0.v20200206-0817.jar:?]
	at org.eclipse.core.internal.events.BuildManager.basicBuild(BuildManager.java:319) [org.eclipse.core.resources_3.13.700.v20200209-1624.jar:?]
	at org.eclipse.core.internal.events.BuildManager.basicBuildLoop(BuildManager.java:371) [org.eclipse.core.resources_3.13.700.v20200209-1624.jar:?]
	at org.eclipse.core.internal.events.BuildManager.build(BuildManager.java:392) [org.eclipse.core.resources_3.13.700.v20200209-1624.jar:?]
	at org.eclipse.core.internal.resources.Workspace.buildInternal(Workspace.java:515) [org.eclipse.core.resources_3.13.700.v20200209-1624.jar:?]
	at org.eclipse.core.internal.resources.Workspace.build(Workspace.java:412) [org.eclipse.core.resources_3.13.700.v20200209-1624.jar:?]
	at org.eclipse.ui.actions.BuildAction$1.runInWorkspace(BuildAction.java:291) [org.eclipse.ui.ide_3.17.0.v20200217-1511.jar:?]
	at org.eclipse.core.internal.resources.InternalWorkspaceJob.run(InternalWorkspaceJob.java:42) [org.eclipse.core.resources_3.13.700.v20200209-1624.jar:?]
	at org.eclipse.core.internal.jobs.Worker.run(Worker.java:63) [org.eclipse.core.jobs_3.10.700.v20200106-1020.jar:?]
20:04:34 ERROR : Failed to compute checksum of hardware specification file used by project 'InsertionSortApplication'
20:04:34 INFO  : Result from executing command 'getProjects': InsertionSortApplication;InsertionSortApplication_system;InsertionSort_Platfrom;RemoteSystemsTempFiles
20:04:34 ERROR : Failed to openhw "E:/USN_Education/VitisCode/InsertionSort/vitis/InsertionSort_Platfrom/export/InsertionSort_Platfrom/hw/insertion_sort_wrapper.xsa"
Reason: E:/USN_Education/VitisCode/InsertionSort/vitis/InsertionSort_Platfrom/export/InsertionSort_Platfrom/hw/insertion_sort_wrapper.xsa is not available in the current workspace
use 'getprojects' command to see list of available projects in current workspace
20:04:34 INFO  : Result from executing command 'getProjects': InsertionSortApplication;InsertionSortApplication_system;InsertionSort_Platfrom;RemoteSystemsTempFiles
20:04:34 ERROR : Failed to openhw "E:/USN_Education/VitisCode/InsertionSort/vitis/InsertionSort_Platfrom/export/InsertionSort_Platfrom/hw/insertion_sort_wrapper.xsa"
Reason: E:/USN_Education/VitisCode/InsertionSort/vitis/InsertionSort_Platfrom/export/InsertionSort_Platfrom/hw/insertion_sort_wrapper.xsa is not available in the current workspace
use 'getprojects' command to see list of available projects in current workspace
20:04:34 INFO  : Result from executing command 'getProjects': InsertionSortApplication;InsertionSortApplication_system;InsertionSort_Platfrom;RemoteSystemsTempFiles
20:04:34 ERROR : Failed to openhw "E:/USN_Education/VitisCode/InsertionSort/vitis/InsertionSort_Platfrom/export/InsertionSort_Platfrom/hw/insertion_sort_wrapper.xsa"
Reason: E:/USN_Education/VitisCode/InsertionSort/vitis/InsertionSort_Platfrom/export/InsertionSort_Platfrom/hw/insertion_sort_wrapper.xsa is not available in the current workspace
use 'getprojects' command to see list of available projects in current workspace
20:05:22 INFO  : Result from executing command 'getProjects': InsertionSort_Platfrom
20:05:22 INFO  : Result from executing command 'getPlatforms': InsertionSort_Platfrom|E:/USN_Education/VitisCode/InsertionSort/vitis/InsertionSort_Platfrom/export/InsertionSort_Platfrom/InsertionSort_Platfrom.xpfm;xilinx_vck190_base_202220_1|D:/Software/Embeded/xilinx/Vitis/2022.2/base_platforms/xilinx_vck190_base_202220_1/xilinx_vck190_base_202220_1.xpfm;xilinx_vck190_base_dfx_202220_1|D:/Software/Embeded/xilinx/Vitis/2022.2/base_platforms/xilinx_vck190_base_dfx_202220_1/xilinx_vck190_base_dfx_202220_1.xpfm;xilinx_vmk180_base_202220_1|D:/Software/Embeded/xilinx/Vitis/2022.2/base_platforms/xilinx_vmk180_base_202220_1/xilinx_vmk180_base_202220_1.xpfm;xilinx_zcu102_base_202220_1|D:/Software/Embeded/xilinx/Vitis/2022.2/base_platforms/xilinx_zcu102_base_202220_1/xilinx_zcu102_base_202220_1.xpfm;xilinx_zcu102_base_dfx_202220_1|D:/Software/Embeded/xilinx/Vitis/2022.2/base_platforms/xilinx_zcu102_base_dfx_202220_1/xilinx_zcu102_base_dfx_202220_1.xpfm;xilinx_zcu104_base_202220_1|D:/Software/Embeded/xilinx/Vitis/2022.2/base_platforms/xilinx_zcu104_base_202220_1/xilinx_zcu104_base_202220_1.xpfm
20:05:22 INFO  : Checking for BSP changes to sync application flags for project 'InsertionSortApplication'...
20:06:46 INFO  : Checking for BSP changes to sync application flags for project 'InsertionSortApplication'...
20:08:21 INFO  : Checking for BSP changes to sync application flags for project 'InsertionSortApplication'...
20:09:15 INFO  : Connected to target on host '127.0.0.1' and port '3121'.
20:09:15 INFO  : Jtag cable 'Digilent Zybo 210279652014A' is selected.
20:09:15 INFO  : 'jtag frequency' command is executed.
20:09:15 INFO  : Context for 'APU' is selected.
20:09:15 INFO  : System reset is completed.
20:09:18 INFO  : 'after 3000' command is executed.
20:09:19 INFO  : 'targets -set -filter {jtag_cable_name =~ "Digilent Zybo 210279652014A" && level==0 && jtag_device_ctx=="jsn-Zybo-210279652014A-13722093-0"}' command is executed.
20:09:20 INFO  : Device configured successfully with "E:/USN_Education/VitisCode/InsertionSort/vitis/InsertionSortApplication/_ide/bitstream/insertion_sort_wrapper.bit"
20:09:20 INFO  : Context for 'APU' is selected.
20:09:20 INFO  : Hardware design and registers information is loaded from 'E:/USN_Education/VitisCode/InsertionSort/vitis/InsertionSort_Platfrom/export/InsertionSort_Platfrom/hw/insertion_sort_wrapper.xsa'.
20:09:20 INFO  : 'configparams force-mem-access 1' command is executed.
20:09:20 INFO  : Context for 'APU' is selected.
20:09:20 INFO  : Sourcing of 'E:/USN_Education/VitisCode/InsertionSort/vitis/InsertionSortApplication/_ide/psinit/ps7_init.tcl' is done.
20:09:21 INFO  : 'ps7_init' command is executed.
20:09:21 INFO  : 'ps7_post_config' command is executed.
20:09:21 INFO  : Context for processor 'ps7_cortexa9_0' is selected.
20:09:21 INFO  : The application 'E:/USN_Education/VitisCode/InsertionSort/vitis/InsertionSortApplication/Debug/InsertionSortApplication.elf' is downloaded to processor 'ps7_cortexa9_0'.
20:09:21 INFO  : 'configparams force-mem-access 0' command is executed.
20:09:21 INFO  : ----------------XSDB Script----------------
connect -url tcp:127.0.0.1:3121
targets -set -nocase -filter {name =~"APU*"}
rst -system
after 3000
targets -set -filter {jtag_cable_name =~ "Digilent Zybo 210279652014A" && level==0 && jtag_device_ctx=="jsn-Zybo-210279652014A-13722093-0"}
fpga -file E:/USN_Education/VitisCode/InsertionSort/vitis/InsertionSortApplication/_ide/bitstream/insertion_sort_wrapper.bit
targets -set -nocase -filter {name =~"APU*"}
loadhw -hw E:/USN_Education/VitisCode/InsertionSort/vitis/InsertionSort_Platfrom/export/InsertionSort_Platfrom/hw/insertion_sort_wrapper.xsa -mem-ranges [list {0x40000000 0xbfffffff}] -regs
configparams force-mem-access 1
targets -set -nocase -filter {name =~"APU*"}
source E:/USN_Education/VitisCode/InsertionSort/vitis/InsertionSortApplication/_ide/psinit/ps7_init.tcl
ps7_init
ps7_post_config
targets -set -nocase -filter {name =~ "*A9*#0"}
dow E:/USN_Education/VitisCode/InsertionSort/vitis/InsertionSortApplication/Debug/InsertionSortApplication.elf
configparams force-mem-access 0
----------------End of Script----------------

20:09:21 INFO  : Context for processor 'ps7_cortexa9_0' is selected.
20:09:21 INFO  : 'con' command is executed.
20:09:21 INFO  : ----------------XSDB Script (After Launch)----------------
targets -set -nocase -filter {name =~ "*A9*#0"}
con
----------------End of Script----------------

20:09:21 INFO  : Launch script is exported to file 'E:\USN_Education\VitisCode\InsertionSort\vitis\InsertionSortApplication_system\_ide\scripts\systemdebugger_insertionsortapplication_system_standalone.tcl'
20:10:58 INFO  : Checking for BSP changes to sync application flags for project 'InsertionSortApplication'...
20:11:36 INFO  : Checking for BSP changes to sync application flags for project 'InsertionSortApplication'...
20:11:57 INFO  : Checking for BSP changes to sync application flags for project 'InsertionSortApplication'...
20:12:17 INFO  : Checking for BSP changes to sync application flags for project 'InsertionSortApplication'...
20:12:40 INFO  : Checking for BSP changes to sync application flags for project 'InsertionSortApplication'...
20:12:47 INFO  : Disconnected from the channel tcfchan#5.
20:13:37 DEBUG : Logs will be stored at 'E:/USN_Education/VitisCode/InsertionSort/vitis/IDE.log'.
20:13:38 INFO  : Launching XSCT server: xsct.bat -n  -interactive E:\USN_Education\VitisCode\InsertionSort\vitis\temp_xsdb_launch_script.tcl
20:13:40 INFO  : XSCT server has started successfully.
20:13:40 INFO  : plnx-install-location is set to ''
20:13:40 INFO  : Registering command handlers for Vitis TCF services
20:13:40 INFO  : Successfully done setting XSCT server connection channel  
20:13:40 INFO  : Successfully done query RDI_DATADIR 
20:13:40 INFO  : Successfully done setting workspace for the tool. 
20:13:40 INFO  : Platform repository initialization has completed.
20:14:00 INFO  : Result from executing command 'removePlatformRepo': 
20:14:19 INFO  : Result from executing command 'getProjects': InsertionSort_Platfrom
20:14:19 INFO  : Result from executing command 'getPlatforms': xilinx_vck190_base_202220_1|D:/Software/Embeded/xilinx/Vitis/2022.2/base_platforms/xilinx_vck190_base_202220_1/xilinx_vck190_base_202220_1.xpfm;xilinx_vck190_base_dfx_202220_1|D:/Software/Embeded/xilinx/Vitis/2022.2/base_platforms/xilinx_vck190_base_dfx_202220_1/xilinx_vck190_base_dfx_202220_1.xpfm;xilinx_vmk180_base_202220_1|D:/Software/Embeded/xilinx/Vitis/2022.2/base_platforms/xilinx_vmk180_base_202220_1/xilinx_vmk180_base_202220_1.xpfm;xilinx_zcu102_base_202220_1|D:/Software/Embeded/xilinx/Vitis/2022.2/base_platforms/xilinx_zcu102_base_202220_1/xilinx_zcu102_base_202220_1.xpfm;xilinx_zcu102_base_dfx_202220_1|D:/Software/Embeded/xilinx/Vitis/2022.2/base_platforms/xilinx_zcu102_base_dfx_202220_1/xilinx_zcu102_base_dfx_202220_1.xpfm;xilinx_zcu104_base_202220_1|D:/Software/Embeded/xilinx/Vitis/2022.2/base_platforms/xilinx_zcu104_base_202220_1/xilinx_zcu104_base_202220_1.xpfm
20:14:20 INFO  : Checking for BSP changes to sync application flags for project 'InsertionSortApplication'...
20:14:42 INFO  : Connected to target on host '127.0.0.1' and port '3121'.
20:14:42 INFO  : Jtag cable 'Digilent Zybo 210279652014A' is selected.
20:14:43 INFO  : 'jtag frequency' command is executed.
20:14:43 INFO  : Context for 'APU' is selected.
20:14:43 INFO  : System reset is completed.
20:14:46 INFO  : 'after 3000' command is executed.
20:14:46 INFO  : 'targets -set -filter {jtag_cable_name =~ "Digilent Zybo 210279652014A" && level==0 && jtag_device_ctx=="jsn-Zybo-210279652014A-13722093-0"}' command is executed.
20:14:47 INFO  : Device configured successfully with "E:/USN_Education/VitisCode/InsertionSort/vitis/InsertionSortApplication/_ide/bitstream/insertion_sort_wrapper.bit"
20:14:47 INFO  : Context for 'APU' is selected.
20:14:47 INFO  : Hardware design and registers information is loaded from 'E:/USN_Education/VitisCode/InsertionSort/vitis/InsertionSort_Platfrom/export/InsertionSort_Platfrom/hw/insertion_sort_wrapper.xsa'.
20:14:47 INFO  : 'configparams force-mem-access 1' command is executed.
20:14:47 INFO  : Context for 'APU' is selected.
20:14:47 INFO  : Sourcing of 'E:/USN_Education/VitisCode/InsertionSort/vitis/InsertionSortApplication/_ide/psinit/ps7_init.tcl' is done.
20:14:48 INFO  : 'ps7_init' command is executed.
20:14:48 INFO  : 'ps7_post_config' command is executed.
20:14:48 INFO  : Context for processor 'ps7_cortexa9_0' is selected.
20:14:48 INFO  : The application 'E:/USN_Education/VitisCode/InsertionSort/vitis/InsertionSortApplication/Debug/InsertionSortApplication.elf' is downloaded to processor 'ps7_cortexa9_0'.
20:14:48 INFO  : 'configparams force-mem-access 0' command is executed.
20:14:48 INFO  : ----------------XSDB Script----------------
connect -url tcp:127.0.0.1:3121
targets -set -nocase -filter {name =~"APU*"}
rst -system
after 3000
targets -set -filter {jtag_cable_name =~ "Digilent Zybo 210279652014A" && level==0 && jtag_device_ctx=="jsn-Zybo-210279652014A-13722093-0"}
fpga -file E:/USN_Education/VitisCode/InsertionSort/vitis/InsertionSortApplication/_ide/bitstream/insertion_sort_wrapper.bit
targets -set -nocase -filter {name =~"APU*"}
loadhw -hw E:/USN_Education/VitisCode/InsertionSort/vitis/InsertionSort_Platfrom/export/InsertionSort_Platfrom/hw/insertion_sort_wrapper.xsa -mem-ranges [list {0x40000000 0xbfffffff}] -regs
configparams force-mem-access 1
targets -set -nocase -filter {name =~"APU*"}
source E:/USN_Education/VitisCode/InsertionSort/vitis/InsertionSortApplication/_ide/psinit/ps7_init.tcl
ps7_init
ps7_post_config
targets -set -nocase -filter {name =~ "*A9*#0"}
dow E:/USN_Education/VitisCode/InsertionSort/vitis/InsertionSortApplication/Debug/InsertionSortApplication.elf
configparams force-mem-access 0
----------------End of Script----------------

20:14:48 INFO  : Context for processor 'ps7_cortexa9_0' is selected.
20:14:48 INFO  : 'con' command is executed.
20:14:48 INFO  : ----------------XSDB Script (After Launch)----------------
targets -set -nocase -filter {name =~ "*A9*#0"}
con
----------------End of Script----------------

20:14:48 INFO  : Launch script is exported to file 'E:\USN_Education\VitisCode\InsertionSort\vitis\InsertionSortApplication_system\_ide\scripts\systemdebugger_insertionsortapplication_system_standalone.tcl'
20:19:00 INFO  : Disconnected from the channel tcfchan#4.
21:38:56 DEBUG : Logs will be stored at 'E:/USN_Education/VitisCode/InsertionSort/vitis/IDE.log'.
21:38:56 INFO  : Launching XSCT server: xsct.bat -n  -interactive E:\USN_Education\VitisCode\InsertionSort\vitis\temp_xsdb_launch_script.tcl
21:38:58 INFO  : Registering command handlers for Vitis TCF services
21:38:58 INFO  : XSCT server has started successfully.
21:38:58 INFO  : Successfully done setting XSCT server connection channel  
21:38:58 INFO  : plnx-install-location is set to ''
21:38:58 INFO  : Successfully done query RDI_DATADIR 
21:38:58 INFO  : Successfully done setting workspace for the tool. 
21:38:59 INFO  : Platform repository initialization has completed.
21:39:50 INFO  : Checking for BSP changes to sync application flags for project 'InsertionSortApplication'...
21:39:54 ERROR : (XSDB Server)ERROR: [Hsi 55-1571] The design file E:/USN_Education/VitisCode/InsertionSort/vitis/InsertionSort_Platfrom/export/InsertionSort_Platfrom/hw/insertion_sort_wrapper.xsa is already opened

